[2026-01-20 23:36:03.709] === DMINLauncher Starting ===
[2026-01-20 23:36:03.721] OS: Microsoft Windows NT 10.0.26200.0
[2026-01-20 23:36:03.721] Runtime: 9.0.12
[2026-01-20 23:36:03.721] Current Directory: C:\Users\losti\source\repos\DMINLauncher
[2026-01-20 23:36:03.721] Is Linux: False
[2026-01-20 23:36:03.722] Is Windows: True
[2026-01-20 23:36:03.722] Loading XAML...
[2026-01-20 23:36:03.792] XAML loaded successfully
[2026-01-20 23:36:03.817] OnFrameworkInitializationCompleted called
[2026-01-20 23:36:03.818] Desktop lifetime NOT detected
[2026-01-20 23:36:04.676] ViewModel: Constructor started
[2026-01-20 23:36:04.677] ViewModel: Loading saved paths...
[2026-01-20 23:36:04.679] ViewModel: Paths loaded - WAD dir: C:\Users\losti\source\repos\DMINLauncher, Engine dir: C:\Users\losti\source\repos\DMINLauncher
[2026-01-20 23:36:04.680] ViewModel: Creating EngineOptions collection...
[2026-01-20 23:36:04.680] ViewModel: Detecting available engines...
[2026-01-20 23:36:04.681] ViewModel: DetectAvailableEngines started
[2026-01-20 23:36:04.681] ViewModel: Scanning directory: C:\Users\losti\source\repos\DMINLauncher
[2026-01-20 23:36:04.682] ViewModel: Windows detected
[2026-01-20 23:36:04.683] ViewModel: Found 0 .exe files
[2026-01-20 23:36:04.684] ViewModel: No engines found, adding placeholder
[2026-01-20 23:36:04.684] ViewModel: Populating EngineOptions with 1 engines
[2026-01-20 23:36:04.684] ViewModel:   - No engines found - place .exe in this folder
[2026-01-20 23:36:04.684] ViewModel: Default engine selected: No engines found - place .exe in this folder
[2026-01-20 23:36:04.685] ViewModel: DetectAvailableEngines completed
[2026-01-20 23:36:04.685] ViewModel: Engines detected: 1
[2026-01-20 23:36:04.685] ViewModel: Creating difficulty options...
[2026-01-20 23:36:04.686] ViewModel: Creating game type options...
[2026-01-20 23:36:04.686] ViewModel: Creating network mode options...
[2026-01-20 23:36:04.687] ViewModel: Creating Hexen class options...
[2026-01-20 23:36:04.688] ViewModel: Refreshing WAD files...
[2026-01-20 23:36:04.689] ViewModel: Refreshing mod files...
[2026-01-20 23:36:04.692] ViewModel: Updating DM flags lists...
[2026-01-20 23:36:04.693] ViewModel: Loading saved settings...
[2026-01-20 23:36:04.693] ViewModel: Creating commands...
[2026-01-20 23:36:04.713] ViewModel: Setting up NetworkMode observer...
[2026-01-20 23:36:04.732] ViewModel: Constructor completed successfully
[2026-01-20 23:58:12.614] === DMINLauncher Starting ===
[2026-01-20 23:58:12.614] Log file location: C:\Users\losti\source\repos\DMINLauncher\dminlauncher_startup.log
[2026-01-20 23:58:12.630] OS: Microsoft Windows NT 10.0.26200.0
[2026-01-20 23:58:12.631] Runtime: 9.0.12
[2026-01-20 23:58:12.632] Current Directory: C:\Users\losti\source\repos\DMINLauncher
[2026-01-20 23:58:12.632] Is Linux: False
[2026-01-20 23:58:12.633] Is Windows: True
[2026-01-20 23:58:12.633] Loading XAML...
[2026-01-20 23:58:12.745] XAML loaded successfully
[2026-01-20 23:58:12.781] OnFrameworkInitializationCompleted called
[2026-01-20 23:58:12.782] Desktop lifetime NOT detected
[2026-01-20 23:58:13.912] ViewModel: Constructor started
[2026-01-20 23:58:13.913] ViewModel: Loading saved paths...
[2026-01-20 23:58:13.915] ViewModel: Paths loaded - WAD dir: C:\Users\losti\source\repos\DMINLauncher, Engine dir: C:\Users\losti\source\repos\DMINLauncher
[2026-01-20 23:58:13.916] ViewModel: Creating EngineOptions collection...
[2026-01-20 23:58:13.916] ViewModel: Detecting available engines...
[2026-01-20 23:58:13.918] ViewModel: DetectAvailableEngines started
[2026-01-20 23:58:13.919] ViewModel: Scanning directory: C:\Users\losti\source\repos\DMINLauncher
[2026-01-20 23:58:13.919] ViewModel: Windows detected
[2026-01-20 23:58:13.921] ViewModel: Found 0 .exe files
[2026-01-20 23:58:13.922] ViewModel: No engines found, adding placeholder
[2026-01-20 23:58:13.922] ViewModel: Populating EngineOptions with 1 engines
[2026-01-20 23:58:13.923] ViewModel:   - No engines found - place .exe in this folder
[2026-01-20 23:58:13.924] ViewModel: Default engine selected: No engines found - place .exe in this folder
[2026-01-20 23:58:13.924] ViewModel: DetectAvailableEngines completed
[2026-01-20 23:58:13.925] ViewModel: Engines detected: 1
[2026-01-20 23:58:13.925] ViewModel: Creating difficulty options...
[2026-01-20 23:58:13.927] ViewModel: Creating game type options...
[2026-01-20 23:58:13.928] ViewModel: Creating network mode options...
[2026-01-20 23:58:13.929] ViewModel: Creating Hexen class options...
[2026-01-20 23:58:13.930] ViewModel: Refreshing WAD files...
[2026-01-20 23:58:13.932] ViewModel: Refreshing mod files...
[2026-01-20 23:58:13.935] ViewModel: Updating DM flags lists...
[2026-01-20 23:58:13.937] ViewModel: Loading saved settings...
[2026-01-20 23:58:13.938] ViewModel: Creating commands...
[2026-01-20 23:58:13.967] ViewModel: Setting up NetworkMode observer...
[2026-01-20 23:58:13.998] ViewModel: Constructor completed successfully
[2026-01-20 23:59:09.529] === DMINLauncher Starting ===
[2026-01-20 23:59:09.529] Log file location: C:\Users\losti\source\repos\DMINLauncher\dminlauncher_startup.log
[2026-01-20 23:59:09.531] OS: Microsoft Windows NT 10.0.26200.0
[2026-01-20 23:59:09.531] Runtime: 9.0.12
[2026-01-20 23:59:09.531] Current Directory: C:\Users\losti\source\repos\DMINLauncher
[2026-01-20 23:59:09.532] Is Linux: False
[2026-01-20 23:59:09.532] Is Windows: True
[2026-01-20 23:59:09.532] Loading XAML...
[2026-01-20 23:59:09.613] XAML loaded successfully
[2026-01-20 23:59:09.640] OnFrameworkInitializationCompleted called
[2026-01-20 23:59:09.640] Desktop lifetime NOT detected
[2026-01-20 23:59:10.396] ViewModel: Constructor started
[2026-01-20 23:59:10.397] ViewModel: Loading saved paths...
[2026-01-20 23:59:10.399] ViewModel: Paths loaded - WAD dir: C:\Users\losti\source\repos\DMINLauncher, Engine dir: C:\Users\losti\source\repos\DMINLauncher
[2026-01-20 23:59:10.400] ViewModel: Creating EngineOptions collection...
[2026-01-20 23:59:10.400] ViewModel: Detecting available engines...
[2026-01-20 23:59:10.402] ViewModel: DetectAvailableEngines started
[2026-01-20 23:59:10.402] ViewModel: Scanning directory: C:\Users\losti\source\repos\DMINLauncher
[2026-01-20 23:59:10.403] ViewModel: Windows detected
[2026-01-20 23:59:10.404] ViewModel: Found 0 .exe files
[2026-01-20 23:59:10.404] ViewModel: No engines found, adding placeholder
[2026-01-20 23:59:10.405] ViewModel: Populating EngineOptions with 1 engines
[2026-01-20 23:59:10.405] ViewModel:   - No engines found - place .exe in this folder
[2026-01-20 23:59:10.405] ViewModel: Default engine selected: No engines found - place .exe in this folder
[2026-01-20 23:59:10.406] ViewModel: DetectAvailableEngines completed
[2026-01-20 23:59:10.406] ViewModel: Engines detected: 1
[2026-01-20 23:59:10.406] ViewModel: Creating difficulty options...
[2026-01-20 23:59:10.407] ViewModel: Creating game type options...
[2026-01-20 23:59:10.408] ViewModel: Creating network mode options...
[2026-01-20 23:59:10.409] ViewModel: Creating Hexen class options...
[2026-01-20 23:59:10.410] ViewModel: Refreshing WAD files...
[2026-01-20 23:59:10.411] ViewModel: Refreshing mod files...
[2026-01-20 23:59:10.413] ViewModel: Updating DM flags lists...
[2026-01-20 23:59:10.414] ViewModel: Loading saved settings...
[2026-01-20 23:59:10.415] ViewModel: Creating commands...
[2026-01-20 23:59:10.435] ViewModel: Setting up NetworkMode observer...
[2026-01-20 23:59:10.456] ViewModel: Constructor completed successfully
[2026-01-21 00:08:22.429] === DMINLauncher Starting ===
[2026-01-21 00:08:22.429] Log file location: C:\Users\losti\source\repos\DMINLauncher\dminlauncher_startup.log
[2026-01-21 00:08:22.430] OS: Microsoft Windows NT 10.0.26200.0
[2026-01-21 00:08:22.430] Runtime: 9.0.12
[2026-01-21 00:08:22.431] Current Directory: C:\Users\losti\source\repos\DMINLauncher
[2026-01-21 00:08:22.431] Is Linux: False
[2026-01-21 00:08:22.431] Is Windows: True
[2026-01-21 00:08:22.432] Loading XAML...
[2026-01-21 00:08:22.502] XAML loaded successfully
[2026-01-21 00:08:22.526] OnFrameworkInitializationCompleted called
[2026-01-21 00:08:22.527] Desktop lifetime NOT detected
[2026-01-21 00:08:23.241] ViewModel: Constructor started
[2026-01-21 00:08:23.242] ViewModel: Loading saved paths...
[2026-01-21 00:08:23.244] ViewModel: Paths loaded - WAD dir: C:\Users\losti\source\repos\DMINLauncher, Engine dir: C:\Users\losti\source\repos\DMINLauncher
[2026-01-21 00:08:23.244] ViewModel: Creating EngineOptions collection...
[2026-01-21 00:08:23.244] ViewModel: Detecting available engines...
[2026-01-21 00:08:23.246] ViewModel: DetectAvailableEngines started
[2026-01-21 00:08:23.246] ViewModel: Scanning directory: C:\Users\losti\source\repos\DMINLauncher
[2026-01-21 00:08:23.246] ViewModel: Windows detected
[2026-01-21 00:08:23.248] ViewModel: Found 0 .exe files
[2026-01-21 00:08:23.248] ViewModel: No engines found, adding placeholder
[2026-01-21 00:08:23.248] ViewModel: Populating EngineOptions with 1 engines
[2026-01-21 00:08:23.249] ViewModel:   - No engines found - place .exe in this folder
[2026-01-21 00:08:23.249] ViewModel: Default engine selected: No engines found - place .exe in this folder
[2026-01-21 00:08:23.249] ViewModel: DetectAvailableEngines completed
[2026-01-21 00:08:23.250] ViewModel: Engines detected: 1
[2026-01-21 00:08:23.250] ViewModel: Creating difficulty options...
[2026-01-21 00:08:23.251] ViewModel: Creating game type options...
[2026-01-21 00:08:23.252] ViewModel: Creating network mode options...
[2026-01-21 00:08:23.252] ViewModel: Creating Hexen class options...
[2026-01-21 00:08:23.253] ViewModel: Refreshing WAD files...
[2026-01-21 00:08:23.254] ViewModel: Refreshing mod files...
[2026-01-21 00:08:23.256] ViewModel: Updating DM flags lists...
[2026-01-21 00:08:23.257] ViewModel: Loading saved settings...
[2026-01-21 00:08:23.258] ViewModel: Creating commands...
[2026-01-21 00:08:23.277] ViewModel: Setting up NetworkMode observer...
[2026-01-21 00:08:23.296] ViewModel: Constructor completed successfully
[2026-01-21 00:09:02.339] === DMINLauncher Starting ===
[2026-01-21 00:09:02.339] Log file location: C:\Users\losti\source\repos\DMINLauncher\dminlauncher_startup.log
[2026-01-21 00:09:02.340] OS: Microsoft Windows NT 10.0.26200.0
[2026-01-21 00:09:02.340] Runtime: 9.0.12
[2026-01-21 00:09:02.341] Current Directory: C:\Users\losti\source\repos\DMINLauncher
[2026-01-21 00:09:02.341] Is Linux: False
[2026-01-21 00:09:02.341] Is Windows: True
[2026-01-21 00:09:02.342] Loading XAML...
[2026-01-21 00:09:02.413] XAML loaded successfully
[2026-01-21 00:09:02.437] OnFrameworkInitializationCompleted called
[2026-01-21 00:09:02.438] Desktop lifetime NOT detected
[2026-01-21 00:09:03.162] ViewModel: Constructor started
[2026-01-21 00:09:03.163] ViewModel: Loading saved paths...
[2026-01-21 00:09:03.165] ViewModel: Paths loaded - WAD dir: C:\Users\losti\source\repos\DMINLauncher, Engine dir: C:\Users\losti\source\repos\DMINLauncher
[2026-01-21 00:09:03.165] ViewModel: Creating EngineOptions collection...
[2026-01-21 00:09:03.166] ViewModel: Detecting available engines...
[2026-01-21 00:09:03.167] ViewModel: DetectAvailableEngines started
[2026-01-21 00:09:03.167] ViewModel: Scanning directory: C:\Users\losti\source\repos\DMINLauncher
[2026-01-21 00:09:03.168] ViewModel: Windows detected
[2026-01-21 00:09:03.169] ViewModel: Found 0 .exe files
[2026-01-21 00:09:03.169] ViewModel: No engines found, adding placeholder
[2026-01-21 00:09:03.170] ViewModel: Populating EngineOptions with 1 engines
[2026-01-21 00:09:03.170] ViewModel:   - No engines found - place .exe in this folder
[2026-01-21 00:09:03.171] ViewModel: Default engine selected: No engines found - place .exe in this folder
[2026-01-21 00:09:03.171] ViewModel: DetectAvailableEngines completed
[2026-01-21 00:09:03.171] ViewModel: Engines detected: 1
[2026-01-21 00:09:03.172] ViewModel: Creating difficulty options...
[2026-01-21 00:09:03.173] ViewModel: Creating game type options...
[2026-01-21 00:09:03.174] ViewModel: Creating network mode options...
[2026-01-21 00:09:03.174] ViewModel: Creating Hexen class options...
[2026-01-21 00:09:03.175] ViewModel: Refreshing WAD files...
[2026-01-21 00:09:03.176] ViewModel: Refreshing mod files...
[2026-01-21 00:09:03.178] ViewModel: Updating DM flags lists...
[2026-01-21 00:09:03.180] ViewModel: Loading saved settings...
[2026-01-21 00:09:03.181] ViewModel: Creating commands...
[2026-01-21 00:09:03.199] ViewModel: Setting up NetworkMode observer...
[2026-01-21 00:09:03.219] ViewModel: Constructor completed successfully
[2026-01-21 00:10:10.090] === DMINLauncher Starting ===
[2026-01-21 00:10:10.090] Log file location: C:\Users\losti\source\repos\DMINLauncher\dminlauncher_startup.log
[2026-01-21 00:10:10.091] OS: Microsoft Windows NT 10.0.26200.0
[2026-01-21 00:10:10.092] Runtime: 9.0.12
[2026-01-21 00:10:10.092] Current Directory: C:\Users\losti\source\repos\DMINLauncher
[2026-01-21 00:10:10.093] Is Linux: False
[2026-01-21 00:10:10.093] Is Windows: True
[2026-01-21 00:10:10.094] Loading XAML...
[2026-01-21 00:10:10.184] XAML loaded successfully
[2026-01-21 00:10:10.220] OnFrameworkInitializationCompleted called
[2026-01-21 00:10:10.221] Desktop lifetime NOT detected
[2026-01-21 00:10:10.997] ViewModel: Constructor started
[2026-01-21 00:10:10.998] ViewModel: Loading saved paths...
[2026-01-21 00:10:11.000] ViewModel: Paths loaded - WAD dir: C:\Users\losti\source\repos\DMINLauncher, Engine dir: C:\Users\losti\source\repos\DMINLauncher
[2026-01-21 00:10:11.001] ViewModel: Creating EngineOptions collection...
[2026-01-21 00:10:11.001] ViewModel: Detecting available engines...
[2026-01-21 00:10:11.003] ViewModel: DetectAvailableEngines started
[2026-01-21 00:10:11.003] ViewModel: Scanning directory: C:\Users\losti\source\repos\DMINLauncher
[2026-01-21 00:10:11.003] ViewModel: Windows detected
[2026-01-21 00:10:11.005] ViewModel: Found 0 .exe files
[2026-01-21 00:10:11.005] ViewModel: No engines found, adding placeholder
[2026-01-21 00:10:11.006] ViewModel: Populating EngineOptions with 1 engines
[2026-01-21 00:10:11.006] ViewModel:   - No engines found - place .exe in this folder
[2026-01-21 00:10:11.007] ViewModel: Default engine selected: No engines found - place .exe in this folder
[2026-01-21 00:10:11.007] ViewModel: DetectAvailableEngines completed
[2026-01-21 00:10:11.007] ViewModel: Engines detected: 1
[2026-01-21 00:10:11.008] ViewModel: Creating difficulty options...
[2026-01-21 00:10:11.009] ViewModel: Creating game type options...
[2026-01-21 00:10:11.010] ViewModel: Creating network mode options...
[2026-01-21 00:10:11.011] ViewModel: Creating Hexen class options...
[2026-01-21 00:10:11.012] ViewModel: Refreshing WAD files...
[2026-01-21 00:10:11.013] ViewModel: Refreshing mod files...
[2026-01-21 00:10:11.015] ViewModel: Updating DM flags lists...
[2026-01-21 00:10:11.016] ViewModel: Loading saved settings...
[2026-01-21 00:10:11.017] ViewModel: Creating commands...
[2026-01-21 00:10:11.036] ViewModel: Setting up NetworkMode observer...
[2026-01-21 00:10:11.056] ViewModel: Constructor completed successfully
[2026-01-21 00:11:18.468] === DMINLauncher Starting ===
[2026-01-21 00:11:18.468] Log file location: C:\Users\losti\source\repos\DMINLauncher\dminlauncher_startup.log
[2026-01-21 00:11:18.469] OS: Microsoft Windows NT 10.0.26200.0
[2026-01-21 00:11:18.469] Runtime: 9.0.12
[2026-01-21 00:11:18.470] Current Directory: C:\Users\losti\source\repos\DMINLauncher
[2026-01-21 00:11:18.471] Is Linux: False
[2026-01-21 00:11:18.471] Is Windows: True
[2026-01-21 00:11:18.471] Loading XAML...
[2026-01-21 00:11:18.541] XAML loaded successfully
[2026-01-21 00:11:18.566] OnFrameworkInitializationCompleted called
[2026-01-21 00:11:18.567] Desktop lifetime NOT detected
[2026-01-21 00:11:19.368] ViewModel: Constructor started
[2026-01-21 00:11:19.369] ViewModel: Loading saved paths...
[2026-01-21 00:11:19.372] ViewModel: Paths loaded - WAD dir: C:\Users\losti\source\repos\DMINLauncher, Engine dir: C:\Users\losti\source\repos\DMINLauncher
[2026-01-21 00:11:19.372] ViewModel: Creating EngineOptions collection...
[2026-01-21 00:11:19.373] ViewModel: Detecting available engines...
[2026-01-21 00:11:19.374] ViewModel: DetectAvailableEngines started
[2026-01-21 00:11:19.374] ViewModel: Scanning directory: C:\Users\losti\source\repos\DMINLauncher
[2026-01-21 00:11:19.375] ViewModel: Windows detected
[2026-01-21 00:11:19.376] ViewModel: Found 0 .exe files
[2026-01-21 00:11:19.377] ViewModel: No engines found, adding placeholder
[2026-01-21 00:11:19.377] ViewModel: Populating EngineOptions with 1 engines
[2026-01-21 00:11:19.378] ViewModel:   - No engines found - place .exe in this folder
[2026-01-21 00:11:19.378] ViewModel: Default engine selected: No engines found - place .exe in this folder
[2026-01-21 00:11:19.379] ViewModel: DetectAvailableEngines completed
[2026-01-21 00:11:19.379] ViewModel: Engines detected: 1
[2026-01-21 00:11:19.380] ViewModel: Creating difficulty options...
[2026-01-21 00:11:19.381] ViewModel: Creating game type options...
[2026-01-21 00:11:19.382] ViewModel: Creating network mode options...
[2026-01-21 00:11:19.382] ViewModel: Creating Hexen class options...
[2026-01-21 00:11:19.383] ViewModel: Refreshing WAD files...
[2026-01-21 00:11:19.385] ViewModel: Refreshing mod files...
[2026-01-21 00:11:19.388] ViewModel: Updating DM flags lists...
[2026-01-21 00:11:19.389] ViewModel: Loading saved settings...
[2026-01-21 00:11:19.391] ViewModel: Creating commands...
[2026-01-21 00:11:19.412] ViewModel: Setting up NetworkMode observer...
[2026-01-21 00:11:19.432] ViewModel: Constructor completed successfully
